<?xml version="1.0" encoding="UTF-8"?>
<!-- Generated by org.testng.reporters.JUnitReportReporter -->
<testsuite hostname="LAPTOP-3BML8FHO" failures="0" tests="1" name="Serialization_Deserialization.Create_User" time="3.719" errors="0" timestamp="2023-08-06T21:30:14 IST" skipped="0">
  <testcase classname="Serialization_Deserialization.Create_User" name="CreateUser" time="3.719"/>
  <system-out/>
</testsuite> <!-- Serialization_Deserialization.Create_User -->
