<?xml version="1.0" encoding="UTF-8"?>
<!-- Generated by org.testng.reporters.JUnitReportReporter -->
<testsuite hostname="LAPTOP-3BML8FHO" failures="0" tests="1" name="FetchingDataFromResponse.PrintNoOfCources" time="1.113" errors="0" timestamp="2023-08-04T16:14:14 IST" skipped="0">
  <testcase classname="FetchingDataFromResponse.PrintNoOfCources" name="FetchData" time="1.113"/>
  <system-out/>
</testsuite> <!-- FetchingDataFromResponse.PrintNoOfCources -->
