<?xml version="1.0" encoding="UTF-8"?>
<!-- Generated by org.testng.reporters.JUnitReportReporter -->
<testsuite hostname="LAPTOP-3BML8FHO" failures="0" tests="1" name="FetchingDataFromResponse.ByUsingJasonPathMethod" time="4.072" errors="0" timestamp="2023-08-05T11:46:38 IST" skipped="0">
  <testcase classname="FetchingDataFromResponse.ByUsingJasonPathMethod" name="GetUser" time="4.072"/>
  <system-out/>
</testsuite> <!-- FetchingDataFromResponse.ByUsingJasonPathMethod -->
