<?xml version="1.0" encoding="UTF-8"?>
<!-- Generated by org.testng.reporters.JUnitReportReporter -->
<testsuite hostname="LAPTOP-3BML8FHO" failures="0" tests="2" name="BasicRequests.POST_CreateUser" time="4.806" errors="0" timestamp="2023-08-04T12:43:17 IST" skipped="0">
  <testcase classname="BasicRequests.POST_CreateUser" name="GetCreatedUser" time="1.471"/>
  <system-out/>
  <testcase classname="BasicRequests.POST_CreateUser" name="CreateUser" time="3.335"/>
  <system-out/>
</testsuite> <!-- BasicRequests.POST_CreateUser -->
