<?xml version="1.0" encoding="UTF-8"?>
<!-- Generated by org.testng.reporters.JUnitReportReporter -->
<testsuite hostname="LAPTOP-3BML8FHO" failures="0" tests="1" name="FetchingDataFromResponse.ByUsingJasonPathClass" time="1.201" errors="0" timestamp="2023-08-04T13:13:43 IST" skipped="0">
  <testcase classname="FetchingDataFromResponse.ByUsingJasonPathClass" name="m1" time="1.201"/>
  <system-out/>
</testsuite> <!-- FetchingDataFromResponse.ByUsingJasonPathClass -->
