<?xml version="1.0" encoding="UTF-8"?>
<!-- Generated by org.testng.reporters.JUnitReportReporter -->
<testsuite hostname="LAPTOP-3BML8FHO" failures="0" tests="1" name="FetchingDataFromResponse.FetchAllEmails" time="2.988" errors="0" timestamp="2023-08-04T20:36:54 IST" skipped="0">
  <testcase classname="FetchingDataFromResponse.FetchAllEmails" name="FetchEmail" time="2.988"/>
  <system-out/>
</testsuite> <!-- FetchingDataFromResponse.FetchAllEmails -->
