<?xml version="1.0" encoding="UTF-8"?>
<!-- Generated by org.testng.reporters.JUnitReportReporter -->
<testsuite hostname="LAPTOP-3BML8FHO" failures="0" tests="1" name="BasicRequests.GET_FetchUser" time="2.324" errors="0" timestamp="2023-08-04T12:25:00 IST" skipped="0">
  <testcase classname="BasicRequests.GET_FetchUser" name="GetUser" time="2.324"/>
  <system-out/>
</testsuite> <!-- BasicRequests.GET_FetchUser -->
