<?xml version="1.0" encoding="UTF-8"?>
<!-- Generated by org.testng.reporters.JUnitReportReporter -->
<testsuite hostname="LAPTOP-3BML8FHO" failures="0" tests="1" name="Serialization_Deserialization.Get_ListUser" time="2.672" errors="0" timestamp="2023-08-13T15:22:54 IST" skipped="0">
  <testcase classname="Serialization_Deserialization.Get_ListUser" name="GetListUser" time="2.672"/>
  <system-out/>
</testsuite> <!-- Serialization_Deserialization.Get_ListUser -->
