<?xml version="1.0" encoding="UTF-8"?>
<!-- Generated by org.testng.reporters.JUnitReportReporter -->
<testsuite hostname="LAPTOP-3BML8FHO" failures="0" tests="2" name="BasicRequests.Get_User" time="1.639" errors="0" timestamp="2023-08-05T15:15:21 IST" skipped="1">
  <testcase classname="BasicRequests.Get_User" name="GetPra" time="1.639"/>
  <system-out/>
  <testcase classname="BasicRequests.Get_User" name="PostUser">
    <skipped/>
  </testcase> <!-- PostUser -->
  <system-out/>
</testsuite> <!-- BasicRequests.Get_User -->
